$$$$$$$$$$$$$$$$$$$$$$$$$$$$$$$$$$$$$$$$$$$$$$$$$$$$$$$$$$$$$$$$$$$$$$$$$$$$$$$$$$$$$$$$$$$$$$$
$Log File Created On: <Sat Nov  3 19:53:19 2012>
$Software: <ort3000c_modbus_collect>
$Editor: <wang_chen_xi>
$Version: <v0.10.1>
$Remark: all time values are in Local Time
$Log Type: <Error log>
$Fields:
$seg                        time Err            funtion  comment
$$$$$$$$$$$$$$$$$$$$$$$$$$$$$$$$$$$$$$$$$$$$$$$$$$$$$$$$$$$$$$$$$$$$$$$$$$$$$$$$$$$$$$$$$$$$$$$
$Log File Created On: <Sat Nov  3 19:53:54 2012>
$Software: <ort3000c_modbus_collect>
$Editor: <wang_chen_xi>
$Version: <v0.10.1>
$Remark: all time values are in Local Time
$Log Type: <Error log>
$Fields:
$seg                        time Err            funtion  comment
$$$$$$$$$$$$$$$$$$$$$$$$$$$$$$$$$$$$$$$$$$$$$$$$$$$$$$$$$$$$$$$$$$$$$$$$$$$$$$$$$$$$$$$$$$$$$$$
$Log File Created On: <Sat Nov  3 19:55:51 2012>
$Software: <ort3000c_modbus_collect>
$Editor: <wang_chen_xi>
$Version: <v0.10.1>
$Remark: all time values are in Local Time
$Log Type: <Error log>
$Fields:
$seg                        time Err            funtion  comment
$$$$$$$$$$$$$$$$$$$$$$$$$$$$$$$$$$$$$$$$$$$$$$$$$$$$$$$$$$$$$$$$$$$$$$$$$$$$$$$$$$$$$$$$$$$$$$$
$Log File Created On: <Sat Nov  3 19:56:17 2012>
$Software: <ort3000c_modbus_collect>
$Editor: <wang_chen_xi>
$Version: <v0.10.1>
$Remark: all time values are in Local Time
$Log Type: <Error log>
$Fields:
$seg                        time Err            funtion  comment
$$$$$$$$$$$$$$$$$$$$$$$$$$$$$$$$$$$$$$$$$$$$$$$$$$$$$$$$$$$$$$$$$$$$$$$$$$$$$$$$$$$$$$$$$$$$$$$
$Log File Created On: <Sat Nov  3 19:57:07 2012>
$Software: <ort3000c_modbus_collect>
$Editor: <wang_chen_xi>
$Version: <v0.10.1>
$Remark: all time values are in Local Time
$Log Type: <Error log>
$Fields:
$seg                        time Err            funtion  comment
$$$$$$$$$$$$$$$$$$$$$$$$$$$$$$$$$$$$$$$$$$$$$$$$$$$$$$$$$$$$$$$$$$$$$$$$$$$$$$$$$$$$$$$$$$$$$$$
$Log File Created On: <Sat Nov  3 20:08:42 2012>
$Software: <ort3000c_modbus_collect>
$Editor: <wang_chen_xi>
$Version: <v0.10.1>
$Remark: all time values are in Local Time
$Log Type: <Error log>
$Fields:
$seg                        time Err            funtion  comment
